<?xml version="1.0" encoding="UTF-8"?>
<!-- Generated by org.testng.reporters.JUnitXMLReporter -->
<testsuite hostname="MacBook-Pro-4.lan" name="Surefire test" tests="2" failures="0" timestamp="13 Dec 2018 11:36:58 GMT" time="0.138" errors="0">
  <testcase name="testApp on testApp(com.kvalit18.martinlindberg.MartinsCalculator.AppTest)" time="0.007" classname="com.kvalit18.martinlindberg.MartinsCalculator.AppTest"/>
  <testcase name="test on test(com.kvalit18.martinlindberg.MartinsCalculator.MethodsTest)" time="0.0" classname="com.kvalit18.martinlindberg.MartinsCalculator.MethodsTest"/>
</testsuite> <!-- Surefire test -->
