<?xml version="1.0" encoding="UTF-8"?>
<!-- Generated by org.testng.reporters.JUnitXMLReporter -->
<testsuite hostname="MacBook-Pro-4.lan" name="Surefire test" tests="41" failures="0" timestamp="20 Dec 2018 16:43:35 GMT" time="0.156" errors="0">
  <testcase name="testSubtractionSecondZero on testSubtractionSecondZero(com.kvalit18.martinlindberg.MartinsCalculator.CalcBasicTest)" time="0.009" classname="com.kvalit18.martinlindberg.MartinsCalculator.CalcBasicTest"/>
  <testcase name="testAdditionSecondZero on testAdditionSecondZero(com.kvalit18.martinlindberg.MartinsCalculator.CalcBasicTest)" time="0.005" classname="com.kvalit18.martinlindberg.MartinsCalculator.CalcBasicTest"/>
  <testcase name="testAdditionZeros on testAdditionZeros(com.kvalit18.martinlindberg.MartinsCalculator.CalcBasicTest)" time="0.001" classname="com.kvalit18.martinlindberg.MartinsCalculator.CalcBasicTest"/>
  <testcase name="testAdditionPositive on testAdditionPositive(com.kvalit18.martinlindberg.MartinsCalculator.CalcBasicTest)" time="0.003" classname="com.kvalit18.martinlindberg.MartinsCalculator.CalcBasicTest"/>
  <testcase name="testAdditionNegative on testAdditionNegative(com.kvalit18.martinlindberg.MartinsCalculator.CalcBasicTest)" time="0.001" classname="com.kvalit18.martinlindberg.MartinsCalculator.CalcBasicTest"/>
  <testcase name="testMultiplicationFirstZeros on testMultiplicationFirstZeros(com.kvalit18.martinlindberg.MartinsCalculator.CalcBasicTest)" time="0.0" classname="com.kvalit18.martinlindberg.MartinsCalculator.CalcBasicTest"/>
  <testcase name="testDivisionFirstZero on testDivisionFirstZero(com.kvalit18.martinlindberg.MartinsCalculator.CalcBasicTest)" time="0.0" classname="com.kvalit18.martinlindberg.MartinsCalculator.CalcBasicTest"/>
  <testcase name="testMultiplicationSecondZero on testMultiplicationSecondZero(com.kvalit18.martinlindberg.MartinsCalculator.CalcBasicTest)" time="0.001" classname="com.kvalit18.martinlindberg.MartinsCalculator.CalcBasicTest"/>
  <testcase name="testMultiplicationPositive on testMultiplicationPositive(com.kvalit18.martinlindberg.MartinsCalculator.CalcBasicTest)" time="0.001" classname="com.kvalit18.martinlindberg.MartinsCalculator.CalcBasicTest"/>
  <testcase name="testDivisionPositive on testDivisionPositive(com.kvalit18.martinlindberg.MartinsCalculator.CalcBasicTest)" time="0.001" classname="com.kvalit18.martinlindberg.MartinsCalculator.CalcBasicTest"/>
  <testcase name="testMultiplicationNegative on testMultiplicationNegative(com.kvalit18.martinlindberg.MartinsCalculator.CalcBasicTest)" time="0.001" classname="com.kvalit18.martinlindberg.MartinsCalculator.CalcBasicTest"/>
  <testcase name="testDivisionNegative on testDivisionNegative(com.kvalit18.martinlindberg.MartinsCalculator.CalcBasicTest)" time="0.0" classname="com.kvalit18.martinlindberg.MartinsCalculator.CalcBasicTest"/>
  <testcase name="testSubtractionPositive on testSubtractionPositive(com.kvalit18.martinlindberg.MartinsCalculator.CalcBasicTest)" time="0.0" classname="com.kvalit18.martinlindberg.MartinsCalculator.CalcBasicTest"/>
  <testcase name="testAdditionFirstZero on testAdditionFirstZero(com.kvalit18.martinlindberg.MartinsCalculator.CalcBasicTest)" time="0.0" classname="com.kvalit18.martinlindberg.MartinsCalculator.CalcBasicTest"/>
  <testcase name="testSubtraction3FirstZero on testSubtraction3FirstZero(com.kvalit18.martinlindberg.MartinsCalculator.CalcBasicTest)" time="0.001" classname="com.kvalit18.martinlindberg.MartinsCalculator.CalcBasicTest"/>
  <testcase name="testSubtractionNegative on testSubtractionNegative(com.kvalit18.martinlindberg.MartinsCalculator.CalcBasicTest)" time="0.001" classname="com.kvalit18.martinlindberg.MartinsCalculator.CalcBasicTest"/>
  <testcase name="testMultiplicationZeros on testMultiplicationZeros(com.kvalit18.martinlindberg.MartinsCalculator.CalcBasicTest)" time="0.001" classname="com.kvalit18.martinlindberg.MartinsCalculator.CalcBasicTest"/>
  <testcase name="testDivisionSecondZero on testDivisionSecondZero(com.kvalit18.martinlindberg.MartinsCalculator.CalcBasicTest)" time="0.008" classname="com.kvalit18.martinlindberg.MartinsCalculator.CalcBasicTest"/>
  <testcase name="testSubtractionZeros on testSubtractionZeros(com.kvalit18.martinlindberg.MartinsCalculator.CalcBasicTest)" time="0.001" classname="com.kvalit18.martinlindberg.MartinsCalculator.CalcBasicTest"/>
  <testcase name="testDivisionZeros on testDivisionZeros(com.kvalit18.martinlindberg.MartinsCalculator.CalcBasicTest)" time="0.0" classname="com.kvalit18.martinlindberg.MartinsCalculator.CalcBasicTest"/>
  <testcase name="testTanWithPositive on testTanWithPositive(com.kvalit18.martinlindberg.MartinsCalculator.CalcAdvTest)" time="0.001" classname="com.kvalit18.martinlindberg.MartinsCalculator.CalcAdvTest"/>
  <testcase name="testTanWithNegative on testTanWithNegative(com.kvalit18.martinlindberg.MartinsCalculator.CalcAdvTest)" time="0.0" classname="com.kvalit18.martinlindberg.MartinsCalculator.CalcAdvTest"/>
  <testcase name="testCosWithPositive on testCosWithPositive(com.kvalit18.martinlindberg.MartinsCalculator.CalcAdvTest)" time="0.0" classname="com.kvalit18.martinlindberg.MartinsCalculator.CalcAdvTest"/>
  <testcase name="testCosWithNegative on testCosWithNegative(com.kvalit18.martinlindberg.MartinsCalculator.CalcAdvTest)" time="0.001" classname="com.kvalit18.martinlindberg.MartinsCalculator.CalcAdvTest"/>
  <testcase name="testSinhWithPositive on testSinhWithPositive(com.kvalit18.martinlindberg.MartinsCalculator.CalcAdvTest)" time="0.001" classname="com.kvalit18.martinlindberg.MartinsCalculator.CalcAdvTest"/>
  <testcase name="testSinhWithNegative on testSinhWithNegative(com.kvalit18.martinlindberg.MartinsCalculator.CalcAdvTest)" time="0.0" classname="com.kvalit18.martinlindberg.MartinsCalculator.CalcAdvTest"/>
  <testcase name="testCosWithZero on testCosWithZero(com.kvalit18.martinlindberg.MartinsCalculator.CalcAdvTest)" time="0.001" classname="com.kvalit18.martinlindberg.MartinsCalculator.CalcAdvTest"/>
  <testcase name="testSinhWithZero on testSinhWithZero(com.kvalit18.martinlindberg.MartinsCalculator.CalcAdvTest)" time="0.0" classname="com.kvalit18.martinlindberg.MartinsCalculator.CalcAdvTest"/>
  <testcase name="testcbrtWithZero on testcbrtWithZero(com.kvalit18.martinlindberg.MartinsCalculator.CalcAdvTest)" time="0.0" classname="com.kvalit18.martinlindberg.MartinsCalculator.CalcAdvTest"/>
  <testcase name="testRootWithPositive on testRootWithPositive(com.kvalit18.martinlindberg.MartinsCalculator.CalcAdvTest)" time="0.0" classname="com.kvalit18.martinlindberg.MartinsCalculator.CalcAdvTest"/>
  <testcase name="testRootWithNegative on testRootWithNegative(com.kvalit18.martinlindberg.MartinsCalculator.CalcAdvTest)" time="0.0" classname="com.kvalit18.martinlindberg.MartinsCalculator.CalcAdvTest"/>
  <testcase name="testcbrtWithPositive on testcbrtWithPositive(com.kvalit18.martinlindberg.MartinsCalculator.CalcAdvTest)" time="0.0" classname="com.kvalit18.martinlindberg.MartinsCalculator.CalcAdvTest"/>
  <testcase name="testcbrtWithNegative on testcbrtWithNegative(com.kvalit18.martinlindberg.MartinsCalculator.CalcAdvTest)" time="0.0" classname="com.kvalit18.martinlindberg.MartinsCalculator.CalcAdvTest"/>
  <testcase name="testRootWithZero on testRootWithZero(com.kvalit18.martinlindberg.MartinsCalculator.CalcAdvTest)" time="0.001" classname="com.kvalit18.martinlindberg.MartinsCalculator.CalcAdvTest"/>
  <testcase name="testPiWithPositive on testPiWithPositive(com.kvalit18.martinlindberg.MartinsCalculator.CalcAdvTest)" time="0.0" classname="com.kvalit18.martinlindberg.MartinsCalculator.CalcAdvTest"/>
  <testcase name="testPiWithNegative on testPiWithNegative(com.kvalit18.martinlindberg.MartinsCalculator.CalcAdvTest)" time="0.0" classname="com.kvalit18.martinlindberg.MartinsCalculator.CalcAdvTest"/>
  <testcase name="testSinWithPositive on testSinWithPositive(com.kvalit18.martinlindberg.MartinsCalculator.CalcAdvTest)" time="0.0" classname="com.kvalit18.martinlindberg.MartinsCalculator.CalcAdvTest"/>
  <testcase name="testSinWithNegative on testSinWithNegative(com.kvalit18.martinlindberg.MartinsCalculator.CalcAdvTest)" time="0.0" classname="com.kvalit18.martinlindberg.MartinsCalculator.CalcAdvTest"/>
  <testcase name="testPiWithZero on testPiWithZero(com.kvalit18.martinlindberg.MartinsCalculator.CalcAdvTest)" time="0.0" classname="com.kvalit18.martinlindberg.MartinsCalculator.CalcAdvTest"/>
  <testcase name="testTanWithZero on testTanWithZero(com.kvalit18.martinlindberg.MartinsCalculator.CalcAdvTest)" time="0.0" classname="com.kvalit18.martinlindberg.MartinsCalculator.CalcAdvTest"/>
  <testcase name="testSinWithZero on testSinWithZero(com.kvalit18.martinlindberg.MartinsCalculator.CalcAdvTest)" time="0.0" classname="com.kvalit18.martinlindberg.MartinsCalculator.CalcAdvTest"/>
</testsuite> <!-- Surefire test -->
