<?xml version="1.0" encoding="UTF-8"?>
<testng-results skipped="0" failed="0" total="2" passed="2">
  <reporter-output>
  </reporter-output>
  <suite name="Surefire suite" duration-ms="138" started-at="2018-12-13T11:36:58Z" finished-at="2018-12-13T11:36:58Z">
    <groups>
    </groups>
    <test name="Surefire test" duration-ms="138" started-at="2018-12-13T11:36:58Z" finished-at="2018-12-13T11:36:58Z">
      <class name="com.kvalit18.martinlindberg.MartinsCalculator.AppTest">
        <test-method status="PASS" signature="testApp()[pri:0, instance:testApp(com.kvalit18.martinlindberg.MartinsCalculator.AppTest)]" name="testApp" duration-ms="7" started-at="2018-12-13T12:36:58Z" finished-at="2018-12-13T12:36:58Z">
          <reporter-output>
          </reporter-output>
        </test-method> <!-- testApp -->
      </class> <!-- com.kvalit18.martinlindberg.MartinsCalculator.AppTest -->
      <class name="com.kvalit18.martinlindberg.MartinsCalculator.MethodsTest">
        <test-method status="PASS" signature="test()[pri:0, instance:test(com.kvalit18.martinlindberg.MartinsCalculator.MethodsTest)]" name="test" duration-ms="0" started-at="2018-12-13T12:36:58Z" finished-at="2018-12-13T12:36:58Z">
          <reporter-output>
          </reporter-output>
        </test-method> <!-- test -->
      </class> <!-- com.kvalit18.martinlindberg.MartinsCalculator.MethodsTest -->
    </test> <!-- Surefire test -->
  </suite> <!-- Surefire suite -->
</testng-results>
