<?xml version="1.0" encoding="UTF-8"?>
<testsuite name="TestSuite" time="0.034" tests="41" errors="0" skipped="0" failures="0">
  <properties>
[...]
</properties>
  <testcase name="testSubtractionSecondZero on testSubtractionSecondZero(com.kvalit18.martinlindberg.MartinsCalculator.CalcBasicTest)" classname="com.kvalit18.martinlindberg.MartinsCalculator.CalcBasicTest" time="0.006"/>
  <testcase name="testAdditionSecondZero on testAdditionSecondZero(com.kvalit18.martinlindberg.MartinsCalculator.CalcBasicTest)" classname="com.kvalit18.martinlindberg.MartinsCalculator.CalcBasicTest" time="0.003"/>
  <testcase name="testAdditionZeros on testAdditionZeros(com.kvalit18.martinlindberg.MartinsCalculator.CalcBasicTest)" classname="com.kvalit18.martinlindberg.MartinsCalculator.CalcBasicTest" time="0"/>
  <testcase name="testAdditionPositive on testAdditionPositive(com.kvalit18.martinlindberg.MartinsCalculator.CalcBasicTest)" classname="com.kvalit18.martinlindberg.MartinsCalculator.CalcBasicTest" time="0.003"/>
  <testcase name="testAdditionNegative on testAdditionNegative(com.kvalit18.martinlindberg.MartinsCalculator.CalcBasicTest)" classname="com.kvalit18.martinlindberg.MartinsCalculator.CalcBasicTest" time="0"/>
  <testcase name="testMultiplicationFirstZeros on testMultiplicationFirstZeros(com.kvalit18.martinlindberg.MartinsCalculator.CalcBasicTest)" classname="com.kvalit18.martinlindberg.MartinsCalculator.CalcBasicTest" time="0"/>
  <testcase name="testDivisionFirstZero on testDivisionFirstZero(com.kvalit18.martinlindberg.MartinsCalculator.CalcBasicTest)" classname="com.kvalit18.martinlindberg.MartinsCalculator.CalcBasicTest" time="0"/>
  <testcase name="testMultiplicationSecondZero on testMultiplicationSecondZero(com.kvalit18.martinlindberg.MartinsCalculator.CalcBasicTest)" classname="com.kvalit18.martinlindberg.MartinsCalculator.CalcBasicTest" time="0.001"/>
  <testcase name="testMultiplicationPositive on testMultiplicationPositive(com.kvalit18.martinlindberg.MartinsCalculator.CalcBasicTest)" classname="com.kvalit18.martinlindberg.MartinsCalculator.CalcBasicTest" time="0.001"/>
  <testcase name="testDivisionPositive on testDivisionPositive(com.kvalit18.martinlindberg.MartinsCalculator.CalcBasicTest)" classname="com.kvalit18.martinlindberg.MartinsCalculator.CalcBasicTest" time="0.001"/>
  <testcase name="testMultiplicationNegative on testMultiplicationNegative(com.kvalit18.martinlindberg.MartinsCalculator.CalcBasicTest)" classname="com.kvalit18.martinlindberg.MartinsCalculator.CalcBasicTest" time="0.001"/>
  <testcase name="testDivisionNegative on testDivisionNegative(com.kvalit18.martinlindberg.MartinsCalculator.CalcBasicTest)" classname="com.kvalit18.martinlindberg.MartinsCalculator.CalcBasicTest" time="0.001"/>
  <testcase name="testSubtractionPositive on testSubtractionPositive(com.kvalit18.martinlindberg.MartinsCalculator.CalcBasicTest)" classname="com.kvalit18.martinlindberg.MartinsCalculator.CalcBasicTest" time="0"/>
  <testcase name="testAdditionFirstZero on testAdditionFirstZero(com.kvalit18.martinlindberg.MartinsCalculator.CalcBasicTest)" classname="com.kvalit18.martinlindberg.MartinsCalculator.CalcBasicTest" time="0"/>
  <testcase name="testSubtraction3FirstZero on testSubtraction3FirstZero(com.kvalit18.martinlindberg.MartinsCalculator.CalcBasicTest)" classname="com.kvalit18.martinlindberg.MartinsCalculator.CalcBasicTest" time="0"/>
  <testcase name="testSubtractionNegative on testSubtractionNegative(com.kvalit18.martinlindberg.MartinsCalculator.CalcBasicTest)" classname="com.kvalit18.martinlindberg.MartinsCalculator.CalcBasicTest" time="0"/>
  <testcase name="testMultiplicationZeros on testMultiplicationZeros(com.kvalit18.martinlindberg.MartinsCalculator.CalcBasicTest)" classname="com.kvalit18.martinlindberg.MartinsCalculator.CalcBasicTest" time="0"/>
  <testcase name="testDivisionSecondZero on testDivisionSecondZero(com.kvalit18.martinlindberg.MartinsCalculator.CalcBasicTest)" classname="com.kvalit18.martinlindberg.MartinsCalculator.CalcBasicTest" time="0.008"/>
  <testcase name="testSubtractionZeros on testSubtractionZeros(com.kvalit18.martinlindberg.MartinsCalculator.CalcBasicTest)" classname="com.kvalit18.martinlindberg.MartinsCalculator.CalcBasicTest" time="0.001"/>
  <testcase name="testDivisionZeros on testDivisionZeros(com.kvalit18.martinlindberg.MartinsCalculator.CalcBasicTest)" classname="com.kvalit18.martinlindberg.MartinsCalculator.CalcBasicTest" time="0.001"/>
  <testcase name="testTanWithPositive on testTanWithPositive(com.kvalit18.martinlindberg.MartinsCalculator.CalcAdvTest)" classname="com.kvalit18.martinlindberg.MartinsCalculator.CalcAdvTest" time="0.001"/>
  <testcase name="testTanWithNegative on testTanWithNegative(com.kvalit18.martinlindberg.MartinsCalculator.CalcAdvTest)" classname="com.kvalit18.martinlindberg.MartinsCalculator.CalcAdvTest" time="0.001"/>
  <testcase name="testCosWithPositive on testCosWithPositive(com.kvalit18.martinlindberg.MartinsCalculator.CalcAdvTest)" classname="com.kvalit18.martinlindberg.MartinsCalculator.CalcAdvTest" time="0"/>
  <testcase name="testCosWithNegative on testCosWithNegative(com.kvalit18.martinlindberg.MartinsCalculator.CalcAdvTest)" classname="com.kvalit18.martinlindberg.MartinsCalculator.CalcAdvTest" time="0"/>
  <testcase name="testSinhWithPositive on testSinhWithPositive(com.kvalit18.martinlindberg.MartinsCalculator.CalcAdvTest)" classname="com.kvalit18.martinlindberg.MartinsCalculator.CalcAdvTest" time="0.001"/>
  <testcase name="testSinhWithNegative on testSinhWithNegative(com.kvalit18.martinlindberg.MartinsCalculator.CalcAdvTest)" classname="com.kvalit18.martinlindberg.MartinsCalculator.CalcAdvTest" time="0"/>
  <testcase name="testCosWithZero on testCosWithZero(com.kvalit18.martinlindberg.MartinsCalculator.CalcAdvTest)" classname="com.kvalit18.martinlindberg.MartinsCalculator.CalcAdvTest" time="0"/>
  <testcase name="testSinhWithZero on testSinhWithZero(com.kvalit18.martinlindberg.MartinsCalculator.CalcAdvTest)" classname="com.kvalit18.martinlindberg.MartinsCalculator.CalcAdvTest" time="0"/>
  <testcase name="testcbrtWithZero on testcbrtWithZero(com.kvalit18.martinlindberg.MartinsCalculator.CalcAdvTest)" classname="com.kvalit18.martinlindberg.MartinsCalculator.CalcAdvTest" time="0.001"/>
  <testcase name="testRootWithPositive on testRootWithPositive(com.kvalit18.martinlindberg.MartinsCalculator.CalcAdvTest)" classname="com.kvalit18.martinlindberg.MartinsCalculator.CalcAdvTest" time="0"/>
  <testcase name="testRootWithNegative on testRootWithNegative(com.kvalit18.martinlindberg.MartinsCalculator.CalcAdvTest)" classname="com.kvalit18.martinlindberg.MartinsCalculator.CalcAdvTest" time="0"/>
  <testcase name="testcbrtWithPositive on testcbrtWithPositive(com.kvalit18.martinlindberg.MartinsCalculator.CalcAdvTest)" classname="com.kvalit18.martinlindberg.MartinsCalculator.CalcAdvTest" time="0.001"/>
  <testcase name="testcbrtWithNegative on testcbrtWithNegative(com.kvalit18.martinlindberg.MartinsCalculator.CalcAdvTest)" classname="com.kvalit18.martinlindberg.MartinsCalculator.CalcAdvTest" time="0"/>
  <testcase name="testRootWithZero on testRootWithZero(com.kvalit18.martinlindberg.MartinsCalculator.CalcAdvTest)" classname="com.kvalit18.martinlindberg.MartinsCalculator.CalcAdvTest" time="0.001"/>
  <testcase name="testPiWithPositive on testPiWithPositive(com.kvalit18.martinlindberg.MartinsCalculator.CalcAdvTest)" classname="com.kvalit18.martinlindberg.MartinsCalculator.CalcAdvTest" time="0"/>
  <testcase name="testPiWithNegative on testPiWithNegative(com.kvalit18.martinlindberg.MartinsCalculator.CalcAdvTest)" classname="com.kvalit18.martinlindberg.MartinsCalculator.CalcAdvTest" time="0"/>
  <testcase name="testSinWithPositive on testSinWithPositive(com.kvalit18.martinlindberg.MartinsCalculator.CalcAdvTest)" classname="com.kvalit18.martinlindberg.MartinsCalculator.CalcAdvTest" time="0"/>
  <testcase name="testSinWithNegative on testSinWithNegative(com.kvalit18.martinlindberg.MartinsCalculator.CalcAdvTest)" classname="com.kvalit18.martinlindberg.MartinsCalculator.CalcAdvTest" time="0"/>
  <testcase name="testPiWithZero on testPiWithZero(com.kvalit18.martinlindberg.MartinsCalculator.CalcAdvTest)" classname="com.kvalit18.martinlindberg.MartinsCalculator.CalcAdvTest" time="0.001"/>
  <testcase name="testTanWithZero on testTanWithZero(com.kvalit18.martinlindberg.MartinsCalculator.CalcAdvTest)" classname="com.kvalit18.martinlindberg.MartinsCalculator.CalcAdvTest" time="0"/>
  <testcase name="testSinWithZero on testSinWithZero(com.kvalit18.martinlindberg.MartinsCalculator.CalcAdvTest)" classname="com.kvalit18.martinlindberg.MartinsCalculator.CalcAdvTest" time="0"/>
</testsuite>